<?xml version="1.0" encoding="UTF-8"?>
<!-- Generated by org.testng.reporters.JUnitXMLReporter -->
<testsuite hostname="INHYLANNUS" ignored="0" name="Default test" tests="5" failures="2" timestamp="14 Dec 2017 04:41:10 GMT" time="146.935" errors="0">
  <testcase name="Login" time="58.013" classname="QaEssentialsTestNG.QaEssentialsTestNG.TableFeatures"/>
  <testcase name="Search" time="6.24" classname="QaEssentialsTestNG.QaEssentialsTestNG.TableFeatures">
    <failure type="org.junit.ComparisonFailure" message="expected:&amp;lt;[VEHICLE ID]&amp;gt; but was:&amp;lt;[REGISTRATION NUMBER]&amp;gt;">
      <![CDATA[org.junit.ComparisonFailure: expected:<[VEHICLE ID]> but was:<[REGISTRATION NUMBER]>
	at org.junit.Assert.assertEquals(Assert.java:115)
	at org.junit.Assert.assertEquals(Assert.java:144)
	at commonMethodsimpl.java.tableFeaturessimpl.vehicleCriteriaSearch(tableFeaturessimpl.java:56)
	at QaEssentialsTestNG.QaEssentialsTestNG.TableFeatures.Search(TableFeatures.java:24)
	at sun.reflect.NativeMethodAccessorImpl.invoke0(Native Method)
	at sun.reflect.NativeMethodAccessorImpl.invoke(Unknown Source)
	at sun.reflect.DelegatingMethodAccessorImpl.invoke(Unknown Source)
	at java.lang.reflect.Method.invoke(Unknown Source)
	at org.testng.internal.MethodInvocationHelper.invokeMethod(MethodInvocationHelper.java:108)
	at org.testng.internal.Invoker.invokeMethod(Invoker.java:661)
	at org.testng.internal.Invoker.invokeTestMethod(Invoker.java:869)
	at org.testng.internal.Invoker.invokeTestMethods(Invoker.java:1193)
	at org.testng.internal.TestMethodWorker.invokeTestMethods(TestMethodWorker.java:126)
	at org.testng.internal.TestMethodWorker.run(TestMethodWorker.java:109)
	at org.testng.TestRunner.privateRun(TestRunner.java:744)
	at org.testng.TestRunner.run(TestRunner.java:602)
	at org.testng.SuiteRunner.runTest(SuiteRunner.java:380)
	at org.testng.SuiteRunner.runSequentially(SuiteRunner.java:375)
	at org.testng.SuiteRunner.privateRun(SuiteRunner.java:340)
	at org.testng.SuiteRunner.run(SuiteRunner.java:289)
	at org.testng.SuiteRunnerWorker.runSuite(SuiteRunnerWorker.java:52)
	at org.testng.SuiteRunnerWorker.run(SuiteRunnerWorker.java:86)
	at org.testng.TestNG.runSuitesSequentially(TestNG.java:1301)
	at org.testng.TestNG.runSuitesLocally(TestNG.java:1226)
	at org.testng.TestNG.runSuites(TestNG.java:1144)
	at org.testng.TestNG.run(TestNG.java:1115)
	at org.testng.remote.AbstractRemoteTestNG.run(AbstractRemoteTestNG.java:132)
	at org.testng.remote.RemoteTestNG.initAndRun(RemoteTestNG.java:230)
	at org.testng.remote.RemoteTestNG.main(RemoteTestNG.java:76)
]]>
    </failure>
  </testcase> <!-- Search -->
  <testcase name="NoResultSearch" time="7.419" classname="QaEssentialsTestNG.QaEssentialsTestNG.TableFeatures">
    <failure type="org.junit.ComparisonFailure" message="expected:&amp;lt;[VEHICLE ID]&amp;gt; but was:&amp;lt;[REGISTRATION NUMBER]&amp;gt;">
      <![CDATA[org.junit.ComparisonFailure: expected:<[VEHICLE ID]> but was:<[REGISTRATION NUMBER]>
	at org.junit.Assert.assertEquals(Assert.java:115)
	at org.junit.Assert.assertEquals(Assert.java:144)
	at commonMethodsimpl.java.tableFeaturessimpl.vehicleCriteriaSearch(tableFeaturessimpl.java:56)
	at QaEssentialsTestNG.QaEssentialsTestNG.TableFeatures.NoResultSearch(TableFeatures.java:32)
	at sun.reflect.NativeMethodAccessorImpl.invoke0(Native Method)
	at sun.reflect.NativeMethodAccessorImpl.invoke(Unknown Source)
	at sun.reflect.DelegatingMethodAccessorImpl.invoke(Unknown Source)
	at java.lang.reflect.Method.invoke(Unknown Source)
	at org.testng.internal.MethodInvocationHelper.invokeMethod(MethodInvocationHelper.java:108)
	at org.testng.internal.Invoker.invokeMethod(Invoker.java:661)
	at org.testng.internal.Invoker.invokeTestMethod(Invoker.java:869)
	at org.testng.internal.Invoker.invokeTestMethods(Invoker.java:1193)
	at org.testng.internal.TestMethodWorker.invokeTestMethods(TestMethodWorker.java:126)
	at org.testng.internal.TestMethodWorker.run(TestMethodWorker.java:109)
	at org.testng.TestRunner.privateRun(TestRunner.java:744)
	at org.testng.TestRunner.run(TestRunner.java:602)
	at org.testng.SuiteRunner.runTest(SuiteRunner.java:380)
	at org.testng.SuiteRunner.runSequentially(SuiteRunner.java:375)
	at org.testng.SuiteRunner.privateRun(SuiteRunner.java:340)
	at org.testng.SuiteRunner.run(SuiteRunner.java:289)
	at org.testng.SuiteRunnerWorker.runSuite(SuiteRunnerWorker.java:52)
	at org.testng.SuiteRunnerWorker.run(SuiteRunnerWorker.java:86)
	at org.testng.TestNG.runSuitesSequentially(TestNG.java:1301)
	at org.testng.TestNG.runSuitesLocally(TestNG.java:1226)
	at org.testng.TestNG.runSuites(TestNG.java:1144)
	at org.testng.TestNG.run(TestNG.java:1115)
	at org.testng.remote.AbstractRemoteTestNG.run(AbstractRemoteTestNG.java:132)
	at org.testng.remote.RemoteTestNG.initAndRun(RemoteTestNG.java:230)
	at org.testng.remote.RemoteTestNG.main(RemoteTestNG.java:76)
]]>
    </failure>
  </testcase> <!-- NoResultSearch -->
  <testcase name="OpenFilterWindowAndClose" time="54.982" classname="QaEssentialsTestNG.QaEssentialsTestNG.TableFeatures"/>
  <testcase name="ApplyFilter" time="20.245" classname="QaEssentialsTestNG.QaEssentialsTestNG.TableFeatures"/>
</testsuite> <!-- Default test -->
